<?xml version="1.0" encoding="UTF-8"?>
<testsuite name="com.fitlog.fitlog.FitlogApplicationTests" tests="1" skipped="0" failures="0" errors="0" timestamp="2026-05-13T13:32:42.409Z" hostname="imsaebyeol-ui-MacBookAir.local" time="5.816">
  <properties/>
  <testcase name="contextLoads()" classname="com.fitlog.fitlog.FitlogApplicationTests" time="0.32"/>
  <system-out><![CDATA[22:32:42.549 [Test worker] INFO org.springframework.test.context.support.AnnotationConfigContextLoaderUtils -- Could not detect default configuration classes for test class [com.fitlog.fitlog.FitlogApplicationTests]: FitlogApplicationTests does not declare any static, non-private, non-final, nested classes annotated with @Configuration.
22:32:42.658 [Test worker] INFO org.springframework.boot.test.context.SpringBootTestContextBootstrapper -- Found @SpringBootConfiguration com.fitlog.fitlog.FitlogApplication for test class com.fitlog.fitlog.FitlogApplicationTests
22:32:42.712 [Test worker] INFO org.springframework.test.context.support.AnnotationConfigContextLoaderUtils -- Could not detect default configuration classes for test class [com.fitlog.fitlog.FitlogApplicationTests]: FitlogApplicationTests does not declare any static, non-private, non-final, nested classes annotated with @Configuration.
22:32:42.713 [Test worker] INFO org.springframework.boot.test.context.SpringBootTestContextBootstrapper -- Found @SpringBootConfiguration com.fitlog.fitlog.FitlogApplication for test class com.fitlog.fitlog.FitlogApplicationTests

  .   ____          _            __ _ _
 /\\ / ___'_ __ _ _(_)_ __  __ _ \ \ \ \
( ( )\___ | '_ | '_| | '_ \/ _` | \ \ \ \
 \\/  ___)| |_)| | | | | || (_| |  ) ) ) )
  '  |____| .__|_| |_|_| |_\__, | / / / /
 =========|_|==============|___/=/_/_/_/

 :: Spring Boot ::                (v4.0.6)

2026-05-13T22:32:42.920+09:00  INFO 38460 --- [    Test worker] c.fitlog.fitlog.FitlogApplicationTests   : Starting FitlogApplicationTests using Java 17 with PID 38460 (started by imsaebyeol in /Users/imsaebyeol/FitLogApp/backend)
2026-05-13T22:32:42.921+09:00  INFO 38460 --- [    Test worker] c.fitlog.fitlog.FitlogApplicationTests   : No active profile set, falling back to 1 default profile: "default"
2026-05-13T22:32:43.331+09:00  INFO 38460 --- [    Test worker] .s.d.r.c.RepositoryConfigurationDelegate : Bootstrapping Spring Data JPA repositories in DEFAULT mode.
2026-05-13T22:32:43.434+09:00  INFO 38460 --- [    Test worker] .s.d.r.c.RepositoryConfigurationDelegate : Finished Spring Data repository scanning in 98 ms. Found 14 JPA repository interfaces.
2026-05-13T22:32:43.670+09:00  INFO 38460 --- [    Test worker] org.hibernate.orm.jpa                    : HHH008540: Processing PersistenceUnitInfo [name: default]
2026-05-13T22:32:43.704+09:00  INFO 38460 --- [    Test worker] org.hibernate.orm.core                   : HHH000001: Hibernate ORM core version 7.2.12.Final
2026-05-13T22:32:43.948+09:00  INFO 38460 --- [    Test worker] o.s.o.j.p.SpringPersistenceUnitInfo      : No LoadTimeWeaver setup: ignoring JPA class transformer
2026-05-13T22:32:43.968+09:00  INFO 38460 --- [    Test worker] com.zaxxer.hikari.HikariDataSource       : HikariPool-1 - Starting...
2026-05-13T22:32:45.476+09:00  INFO 38460 --- [    Test worker] com.zaxxer.hikari.pool.HikariPool        : HikariPool-1 - Added connection com.mysql.cj.jdbc.ConnectionImpl@eee26bd
2026-05-13T22:32:45.480+09:00  INFO 38460 --- [    Test worker] com.zaxxer.hikari.HikariDataSource       : HikariPool-1 - Start completed.
2026-05-13T22:32:45.803+09:00  WARN 38460 --- [    Test worker] org.hibernate.orm.deprecation            : HHH90000025: MySQLDialect does not need to be specified explicitly using 'hibernate.dialect' (remove the property setting and it will be selected by default)
2026-05-13T22:32:45.915+09:00  INFO 38460 --- [    Test worker] org.hibernate.orm.connections.pooling    : HHH10001005: Database info:
	Database JDBC URL [jdbc:mysql://switchyard.proxy.rlwy.net:48785/railway?serverTimezone=Asia/Seoul&characterEncoding=UTF-8]
	Database driver: MySQL Connector/J
	Database dialect: MySQLDialect
	Database version: 9.4
	Default catalog/schema: railway/undefined
	Autocommit mode: undefined/unknown
	Isolation level: REPEATABLE_READ [default REPEATABLE_READ]
	JDBC fetch size: none
	Pool: DataSourceConnectionProvider
	Minimum pool size: undefined/unknown
	Maximum pool size: undefined/unknown
2026-05-13T22:32:46.583+09:00  INFO 38460 --- [    Test worker] org.hibernate.orm.core                   : HHH000489: No JTA platform available (set 'hibernate.transaction.jta.platform' to enable JTA platform integration)
2026-05-13T22:32:46.585+09:00  INFO 38460 --- [    Test worker] org.hibernate.orm.jdbc.batch             : HHH100501: Automatic JDBC statement batching enabled (maximum batch size 50)
2026-05-13T22:32:46.587+09:00  INFO 38460 --- [    Test worker] j.LocalContainerEntityManagerFactoryBean : Initialized JPA EntityManagerFactory for persistence unit 'default'
2026-05-13T22:32:46.743+09:00  INFO 38460 --- [    Test worker] o.s.d.j.r.query.QueryEnhancerFactories   : Hibernate is in classpath; If applicable, HQL parser will be used.
2026-05-13T22:32:47.898+09:00  INFO 38460 --- [    Test worker] c.fitlog.fitlog.FitlogApplicationTests   : Started FitlogApplicationTests in 5.129 seconds (process running for 6.135)
]]></system-out>
  <system-err><![CDATA[]]></system-err>
</testsuite>
